<?xml version="1.0" encoding="UTF-8"?>
<testsuite xmlns:xsi="http://www.w3.org/2001/XMLSchema-instance" xsi:noNamespaceSchemaLocation="https://maven.apache.org/surefire/maven-surefire-plugin/xsd/surefire-test-report.xsd" version="3.0.2" name="com.hexaware.hotbyte.HotbyteApplicationTests" time="10.286" tests="1" errors="0" skipped="0" failures="0" flakes="0">
  <properties>
[...]
</properties>
  <testcase name="contextLoads" classname="com.hexaware.hotbyte.HotbyteApplicationTests" time="0.654">
    <system-out><![CDATA[
  .   ____          _            __ _ _
 /\\ / ___'_ __ _ _(_)_ __  __ _ \ \ \ \
( ( )\___ | '_ | '_| | '_ \/ _` | \ \ \ \
 \\/  ___)| |_)| | | | | || (_| |  ) ) ) )
  '  |____| .__|_| |_|_| |_\__, | / / / /
 =========|_|==============|___/=/_/_/_/

 :: Spring Boot ::               (v3.5.15)

2026-06-23T18:29:45.839+05:30  INFO 15880 --- [hotbyte] [           main] c.h.h.HotbyteApplicationTests            : Starting HotbyteApplicationTests using Java 17.0.12 with PID 15880 (started by Developer in D:\Hexaware_Phase_2_react_springboot\CaseStudyProject\hotbyte)
2026-06-23T18:29:45.857+05:30  INFO 15880 --- [hotbyte] [           main] c.h.h.HotbyteApplicationTests            : No active profile set, falling back to 1 default profile: "default"
2026-06-23T18:29:49.818+05:30  WARN 15880 --- [hotbyte] [           main] o.h.o.deprecation                        : HHH90000025: MySQLDialect does not need to be specified explicitly using 'hibernate.dialect' (remove the property setting and it will be selected by default)
2026-06-23T18:29:52.752+05:30  WARN 15880 --- [hotbyte] [           main] JpaBaseConfiguration$JpaWebConfiguration : spring.jpa.open-in-view is enabled by default. Therefore, database queries may be performed during view rendering. Explicitly configure spring.jpa.open-in-view to disable this warning
2026-06-23T18:29:53.211+05:30  WARN 15880 --- [hotbyte] [           main] r$InitializeUserDetailsManagerConfigurer : Global AuthenticationManager configured with an AuthenticationProvider bean. UserDetailsService beans will not be used by Spring Security for automatically configuring username/password login. Consider removing the AuthenticationProvider bean. Alternatively, consider using the UserDetailsService in a manually instantiated DaoAuthenticationProvider. If the current configuration is intentional, to turn off this warning, increase the logging level of 'org.springframework.security.config.annotation.authentication.configuration.InitializeUserDetailsBeanManagerConfigurer' to ERROR
2026-06-23T18:29:54.085+05:30  INFO 15880 --- [hotbyte] [           main] c.h.h.HotbyteApplicationTests            : Started HotbyteApplicationTests in 8.736 seconds (process running for 10.217)
2026-06-23T18:29:54.096+05:30  WARN 15880 --- [hotbyte] [           main] o.s.c.e.SpringDocAppInitializer          : SpringDoc /v3/api-docs endpoint is enabled by default. To disable it in production, set the property 'springdoc.api-docs.enabled=false'
2026-06-23T18:29:54.096+05:30  WARN 15880 --- [hotbyte] [           main] o.s.c.e.SpringDocAppInitializer          : SpringDoc /swagger-ui.html endpoint is enabled by default. To disable it in production, set the property 'springdoc.swagger-ui.enabled=false'
]]></system-out>
  </testcase>
</testsuite>